e:\wargaming\wargaming-master\x64\debug\vc143.pdb
e:\wargaming\wargaming-master\x64\debug\vc143.idb
e:\wargaming\wargaming-master\x64\debug\utils.obj
e:\wargaming\wargaming-master\x64\debug\ui.obj
e:\wargaming\wargaming-master\x64\debug\object.obj
e:\wargaming\wargaming-master\x64\debug\main.obj
e:\wargaming\wargaming-master\x64\debug\lds_op.obj
e:\wargaming\wargaming-master\x64\debug\ewr.obj
e:\wargaming\wargaming-master\x64\debug\controller.obj
e:\wargaming\wargaming-master\x64\debug\wargame.pdb
e:\wargaming\wargaming-master\x64\debug\wargame.tlog\cl.command.1.tlog
e:\wargaming\wargaming-master\x64\debug\wargame.tlog\cl.read.1.tlog
e:\wargaming\wargaming-master\x64\debug\wargame.tlog\cl.write.1.tlog
e:\wargaming\wargaming-master\x64\debug\wargame.tlog\link-cvtres.read.1.tlog
e:\wargaming\wargaming-master\x64\debug\wargame.tlog\link-cvtres.write.1.tlog
e:\wargaming\wargaming-master\x64\debug\wargame.tlog\link-rc.read.1.tlog
e:\wargaming\wargaming-master\x64\debug\wargame.tlog\link-rc.write.1.tlog
e:\wargaming\wargaming-master\x64\debug\wargame.tlog\link.command.1.tlog
e:\wargaming\wargaming-master\x64\debug\wargame.tlog\link.read.1.tlog
e:\wargaming\wargaming-master\x64\debug\wargame.tlog\link.read.2.tlog
e:\wargaming\wargaming-master\x64\debug\wargame.tlog\link.write.1.tlog
